<?xml version="1.0" encoding="UTF-8"?>
<!-- Generated by org.testng.reporters.JUnitReportReporter -->
<testsuite hostname="Allegion" failures="0" tests="4" name="learning1.HttpRequestsCalling" time="4.274" errors="0" timestamp="2023-05-28T22:58:03 IST" skipped="0">
  <testcase classname="learning1.HttpRequestsCalling" name="getUsers" time="2.526"/>
  <system-out/>
  <testcase classname="learning1.HttpRequestsCalling" name="createUser" time="0.773"/>
  <system-out/>
  <testcase classname="learning1.HttpRequestsCalling" name="updateUser" time="0.502"/>
  <system-out/>
  <testcase classname="learning1.HttpRequestsCalling" name="deleteUser" time="0.473"/>
  <system-out/>
</testsuite> <!-- learning1.HttpRequestsCalling -->
